Build started 12/06/2015 9:48:37.
     1>Project "C:\Users\Miquel\Desktop\rtype_presentation\SDL Game.vcxproj" on node 2 (Build target(s)).
     1>Link:
         C:\Program Files (x86)\Microsoft Visual Studio 12.0\VC\bin\link.exe /ERRORREPORT:PROMPT /OUT:"C:\Users\Miquel\Desktop\rtype_presentation\Debug\SDL Game.exe" /INCREMENTAL /NOLOGO kernel32.lib user32.lib gdi32.lib winspool.lib comdlg32.lib advapi32.lib shell32.lib ole32.lib oleaut32.lib uuid.lib odbc32.lib odbccp32.lib /MANIFEST /MANIFESTUAC:"level='asInvoker' uiAccess='false'" /manifest:embed /DEBUG /PDB:"C:\Users\Miquel\Desktop\rtype_presentation\Debug\SDL Game.pdb" /SUBSYSTEM:WINDOWS /TLBID:1 /DYNAMICBASE /NXCOMPAT /IMPLIB:"C:\Users\Miquel\Desktop\rtype_presentation\Debug\SDL Game.lib" /MACHINE:X86 Debug\Application.obj
         Debug\Boss.obj
         Debug\BossShot.obj
         Debug\Enemy2.obj
         Debug\log.obj
         Debug\Main.obj
         Debug\ModuleAudio.obj
         Debug\ModuleBoulder.obj
         Debug\ModuleCollision.obj
         Debug\ModuleEnemy.obj
         Debug\ModuleParticles.obj
         Debug\ModuleParticlesEnemy.obj
         Debug\ModulePowerUp.obj
         Debug\ModuleSceneLose.obj
         Debug\ModuleSceneSpace.obj
         Debug\ModuleFadeToBlack.obj
         Debug\ModuleInput.obj
         Debug\ModulePlayer.obj
         Debug\ModuleRender.obj
         Debug\ModuleSceneIntro.obj
         Debug\ModuleSceneWin.obj
         Debug\ModuleTextures.obj
         Debug\ModuleWindow.obj
         Debug\Ribbon.obj
         Debug\TripleLaser.obj
     1>MSVCRTD.lib(cinitexe.obj) : warning LNK4098: defaultlib 'msvcrt.lib' conflicts with use of other libs; use /NODEFAULTLIB:library
         SDL Game.vcxproj -> C:\Users\Miquel\Desktop\rtype_presentation\Debug\SDL Game.exe
     1>Done Building Project "C:\Users\Miquel\Desktop\rtype_presentation\SDL Game.vcxproj" (Build target(s)).

Build succeeded.

Time Elapsed 00:00:00.31
